[debug] [2021-11-08T21:55:59.652Z] ----------------------------------------------------------------------
[debug] [2021-11-08T21:55:59.654Z] Command:       /usr/local/bin/node /usr/local/bin/firebase functions:shell
[debug] [2021-11-08T21:55:59.654Z] CLI Version:   9.22.0
[debug] [2021-11-08T21:55:59.654Z] Platform:      darwin
[debug] [2021-11-08T21:55:59.654Z] Node Version:  v14.18.0
[debug] [2021-11-08T21:55:59.655Z] Time:          Mon Nov 08 2021 18:55:59 GMT-0300 (Brasilia Standard Time)
[debug] [2021-11-08T21:55:59.656Z] ----------------------------------------------------------------------
[debug] 
[debug] [2021-11-08T21:55:59.707Z] > command requires scopes: ["email","openid","https://www.googleapis.com/auth/cloudplatformprojects.readonly","https://www.googleapis.com/auth/firebase","https://www.googleapis.com/auth/cloud-platform"]
[debug] [2021-11-08T21:55:59.708Z] > authorizing via signed-in user (malebolge@gmail.com)
[debug] [2021-11-08T21:55:59.708Z] [iam] checking project fir-recipes-web-app-a347e for permissions ["firebase.projects.get"]
[debug] [2021-11-08T21:55:59.710Z] > refreshing access token with scopes: ["email","https://www.googleapis.com/auth/cloud-platform","https://www.googleapis.com/auth/cloudplatformprojects.readonly","https://www.googleapis.com/auth/firebase","openid"]
[debug] [2021-11-08T21:55:59.710Z] >>> HTTP REQUEST POST https://www.googleapis.com/oauth2/v3/token  
 <request body omitted>
[debug] [2021-11-08T21:55:59.929Z] <<< HTTP RESPONSE 200 {"date":"Mon, 08 Nov 2021 21:56:00 GMT","cache-control":"no-cache, no-store, max-age=0, must-revalidate","expires":"Mon, 01 Jan 1990 00:00:00 GMT","pragma":"no-cache","content-type":"application/json; charset=utf-8","vary":"X-Origin, Referer, Origin,Accept-Encoding","server":"scaffolding on HTTPServer2","x-xss-protection":"0","x-frame-options":"SAMEORIGIN","x-content-type-options":"nosniff","alt-svc":"h3=\":443\"; ma=2592000,h3-29=\":443\"; ma=2592000,h3-Q050=\":443\"; ma=2592000,h3-Q046=\":443\"; ma=2592000,h3-Q043=\":443\"; ma=2592000,quic=\":443\"; ma=2592000; v=\"46,43\"","accept-ranges":"none","transfer-encoding":"chunked"}
[debug] [2021-11-08T21:55:59.979Z] >>> HTTP REQUEST POST https://cloudresourcemanager.googleapis.com/v1/projects/fir-recipes-web-app-a347e:testIamPermissions  
 {"permissions":["firebase.projects.get"]}
[debug] [2021-11-08T21:56:00.811Z] <<< HTTP RESPONSE 200 {"content-type":"application/json; charset=UTF-8","vary":"X-Origin, Referer, Origin,Accept-Encoding","date":"Mon, 08 Nov 2021 21:56:00 GMT","server":"ESF","cache-control":"private","x-xss-protection":"0","x-frame-options":"SAMEORIGIN","x-content-type-options":"nosniff","server-timing":"gfet4t7; dur=717","alt-svc":"h3=\":443\"; ma=2592000,h3-29=\":443\"; ma=2592000,h3-Q050=\":443\"; ma=2592000,h3-Q046=\":443\"; ma=2592000,h3-Q043=\":443\"; ma=2592000,quic=\":443\"; ma=2592000; v=\"46,43\"","accept-ranges":"none","transfer-encoding":"chunked"}
[debug] [2021-11-08T21:56:00.826Z] [functions] Using node@14 from host.
[debug] [2021-11-08T21:56:00.827Z] defaultcredentials: writing to file /Users/junioramos/.config/firebase/malebolge_gmail_com_application_default_credentials.json
[debug] [2021-11-08T21:56:00.829Z] DEBUG: Setting GAC to /Users/junioramos/.config/firebase/malebolge_gmail_com_application_default_credentials.json
[debug] [2021-11-08T21:56:00.831Z] > refreshing access token with scopes: []
[debug] [2021-11-08T21:56:00.831Z] >>> HTTP REQUEST POST https://www.googleapis.com/oauth2/v3/token  
 <request body omitted>
[debug] [2021-11-08T21:56:01.095Z] <<< HTTP RESPONSE 200 {"date":"Mon, 08 Nov 2021 21:56:01 GMT","expires":"Mon, 01 Jan 1990 00:00:00 GMT","pragma":"no-cache","cache-control":"no-cache, no-store, max-age=0, must-revalidate","content-type":"application/json; charset=utf-8","vary":"X-Origin, Referer, Origin,Accept-Encoding","server":"scaffolding on HTTPServer2","x-xss-protection":"0","x-frame-options":"SAMEORIGIN","x-content-type-options":"nosniff","alt-svc":"h3=\":443\"; ma=2592000,h3-29=\":443\"; ma=2592000,h3-Q050=\":443\"; ma=2592000,h3-Q046=\":443\"; ma=2592000,h3-Q043=\":443\"; ma=2592000,quic=\":443\"; ma=2592000; v=\"46,43\"","accept-ranges":"none","transfer-encoding":"chunked"}
[debug] [2021-11-08T21:56:01.147Z] >>> [apiv2][query] GET https://firebase.googleapis.com/v1beta1/projects/fir-recipes-web-app-a347e/adminSdkConfig [none]
[debug] [2021-11-08T21:56:02.195Z] <<< [apiv2][status] GET https://firebase.googleapis.com/v1beta1/projects/fir-recipes-web-app-a347e/adminSdkConfig 200
[debug] [2021-11-08T21:56:02.195Z] <<< [apiv2][body] GET https://firebase.googleapis.com/v1beta1/projects/fir-recipes-web-app-a347e/adminSdkConfig {"projectId":"fir-recipes-web-app-a347e","storageBucket":"fir-recipes-web-app-a347e.appspot.com","locationId":"southamerica-east1"}
[debug] [2021-11-08T21:56:02.234Z] [functions] Watching "/Users/junioramos/workspace_react/firebase-recipes-web-app/functions" for Cloud Functions...
[debug] [2021-11-08T21:56:02.246Z] DEBUG: [worker-pool] addWorker(~diagnostic~)
[debug] [2021-11-08T21:56:02.246Z] DEBUG: [worker-pool] Adding worker with key ~diagnostic~, total=1
[debug] [2021-11-08T21:56:02.246Z] DEBUG: [worker-pool] submitWork(triggerId=)
[debug] [2021-11-08T21:56:02.247Z] DEBUG: [worker-~diagnostic~-b3f4e182-6b08-454e-aec0-6c95ee606ac2]: Assigning socketPath: /var/folders/0m/8n5t5f6j3rdcxsq9xz9tbs6m0000gn/T/fire_emu_21152.sock
[debug] [2021-11-08T21:56:02.247Z] DEBUG: [worker-~diagnostic~-b3f4e182-6b08-454e-aec0-6c95ee606ac2]: BUSY
[debug] [2021-11-08T21:56:02.371Z] DEBUG: [runtime-status] [21152] Functions runtime initialized. {"cwd":"/Users/junioramos/workspace_react/firebase-recipes-web-app/functions","node_version":"14.18.0"}
[debug] [2021-11-08T21:56:02.373Z] DEBUG: [runtime-status] [21152] Disabled runtime features: undefined
[debug] [2021-11-08T21:56:02.375Z] DEBUG: [runtime-status] [21152] Resolved module firebase-admin {"declared":true,"installed":true,"version":"9.12.0","resolution":"/Users/junioramos/workspace_react/firebase-recipes-web-app/functions/node_modules/firebase-admin/lib/index.js"}
[debug] [2021-11-08T21:56:02.378Z] DEBUG: [runtime-status] [21152] Resolved module firebase-functions {"declared":true,"installed":true,"version":"3.16.0","resolution":"/Users/junioramos/workspace_react/firebase-recipes-web-app/functions/node_modules/firebase-functions/lib/index.js"}
[debug] [2021-11-08T21:56:02.380Z] DEBUG: [runtime-status] [21152] Outgoing network have been stubbed. [{"name":"http","status":"mocked"},{"name":"http","status":"mocked"},{"name":"https","status":"mocked"},{"name":"https","status":"mocked"},{"name":"net","status":"mocked"}]
[debug] [2021-11-08T21:56:02.381Z] DEBUG: [runtime-status] [21152] Resolved module firebase-functions {"declared":true,"installed":true,"version":"3.16.0","resolution":"/Users/junioramos/workspace_react/firebase-recipes-web-app/functions/node_modules/firebase-functions/lib/index.js"}
[debug] [2021-11-08T21:56:02.435Z] DEBUG: [runtime-status] [21152] Checked functions.config() {"config":{}}
[debug] [2021-11-08T21:56:02.435Z] DEBUG: [runtime-status] [21152] firebase-functions has been stubbed. {"functionsResolution":{"declared":true,"installed":true,"version":"3.16.0","resolution":"/Users/junioramos/workspace_react/firebase-recipes-web-app/functions/node_modules/firebase-functions/lib/index.js"}}
[debug] [2021-11-08T21:56:02.436Z] DEBUG: [runtime-status] [21152] Resolved module firebase-functions {"declared":true,"installed":true,"version":"3.16.0","resolution":"/Users/junioramos/workspace_react/firebase-recipes-web-app/functions/node_modules/firebase-functions/lib/index.js"}
[debug] [2021-11-08T21:56:02.436Z] DEBUG: [runtime-status] [21152] Resolved module firebase-admin {"declared":true,"installed":true,"version":"9.12.0","resolution":"/Users/junioramos/workspace_react/firebase-recipes-web-app/functions/node_modules/firebase-admin/lib/index.js"}
[debug] [2021-11-08T21:56:02.437Z] DEBUG: [runtime-status] [21152] Resolved module firebase-functions {"declared":true,"installed":true,"version":"3.16.0","resolution":"/Users/junioramos/workspace_react/firebase-recipes-web-app/functions/node_modules/firebase-functions/lib/index.js"}
[debug] [2021-11-08T21:56:02.437Z] DEBUG: [runtime-status] [21152] firebase-admin has been stubbed. {"adminResolution":{"declared":true,"installed":true,"version":"9.12.0","resolution":"/Users/junioramos/workspace_react/firebase-recipes-web-app/functions/node_modules/firebase-admin/lib/index.js"}}
[warn] ⚠  It looks like you're trying to access functions.config().firebase but there is no value there. You can learn more about setting up config here: https://firebase.google.com/docs/functions/local-emulator {"metadata":{"emulator":{"name":"functions"},"message":"It looks like you're trying to access functions.config().firebase but there is no value there. You can learn more about setting up config here: https://firebase.google.com/docs/functions/local-emulator"}}
[debug] [2021-11-08T21:56:02.440Z] DEBUG: [runtime-status] [21152] initializeApp(DEFAULT) {"credential":{"implicit":true,"refreshToken":{"clientId":"563584335869-fgrhgmd47bqnekij5i8b5pr03ho849e6.apps.googleusercontent.com","clientSecret":"j9iVZfS8kkCEFUPaAeJV0sAi","refreshToken":"1//0hDKH0QvDk4OhCgYIARAAGBESNwF-L9IrodVLFL0IOat-J5mkTDS5BBBEKUQ2NsErfuE4PwCww7lo6T8IRJmb2JTOufYm-_F0nuI","type":"authorized_user"},"httpClient":{"retry":{"maxRetries":4,"statusCodes":[503],"ioErrorCodes":["ECONNRESET","ETIMEDOUT"],"backOffFactor":0.5,"maxDelayInMillis":60000}}}}
[warn] ⚠  functions: The Cloud Firestore emulator is not running, so calls to Firestore will affect production. {"metadata":{"emulator":{"name":"functions"},"message":"The Cloud Firestore emulator is not running, so calls to Firestore will affect production."}}
[warn] ⚠  functions: The Firebase Authentication emulator is not running, so calls to Firebase Authentication will affect production. {"metadata":{"emulator":{"name":"functions"},"message":"The Firebase Authentication emulator is not running, so calls to Firebase Authentication will affect production."}}
[debug] [2021-11-08T21:56:02.870Z] [functions[us-central1-onCreateRecipe]] function ignored because the firestore emulator does not exist or is not running.
